-------------------------------------------------------------------------------
Test set: cn.lijunkui.mail.MailServiceTest
-------------------------------------------------------------------------------
Tests run: 3, Failures: 0, Errors: 3, Skipped: 0, Time elapsed: 14.466 s <<< FAILURE! - in cn.lijunkui.mail.MailServiceTest
sendHtmlMail(cn.lijunkui.mail.MailServiceTest)  Time elapsed: 0.03 s  <<< ERROR!
java.lang.IllegalStateException: Failed to load ApplicationContext
Caused by: org.springframework.beans.factory.BeanCreationException: Error creating bean with name 'serverEndpointExporter' defined in class path resource [cn/lijunkui/socket/config/WebSocketConfig.class]: Invocation of init method failed; nested exception is java.lang.IllegalStateException: javax.websocket.server.ServerContainer not available
Caused by: java.lang.IllegalStateException: javax.websocket.server.ServerContainer not available

sendInlineResourceMail(cn.lijunkui.mail.MailServiceTest)  Time elapsed: 0 s  <<< ERROR!
java.lang.IllegalStateException: Failed to load ApplicationContext
Caused by: org.springframework.beans.factory.BeanCreationException: Error creating bean with name 'serverEndpointExporter' defined in class path resource [cn/lijunkui/socket/config/WebSocketConfig.class]: Invocation of init method failed; nested exception is java.lang.IllegalStateException: javax.websocket.server.ServerContainer not available
Caused by: java.lang.IllegalStateException: javax.websocket.server.ServerContainer not available

sendSimpleMail(cn.lijunkui.mail.MailServiceTest)  Time elapsed: 0 s  <<< ERROR!
java.lang.IllegalStateException: Failed to load ApplicationContext
Caused by: org.springframework.beans.factory.BeanCreationException: Error creating bean with name 'serverEndpointExporter' defined in class path resource [cn/lijunkui/socket/config/WebSocketConfig.class]: Invocation of init method failed; nested exception is java.lang.IllegalStateException: javax.websocket.server.ServerContainer not available
Caused by: java.lang.IllegalStateException: javax.websocket.server.ServerContainer not available

